19:47:26.852 [main] DEBUG org.apache.poi.openxml4j.opc.PackageRelationshipCollection.parseRelationshipsPart(PackageRelationshipCollection.java:307)oggger - Parsing relationship: /xl/worksheets/_rels/sheet1.xml.rels
19:47:26.860 [main] DEBUG org.apache.poi.openxml4j.opc.PackageRelationshipCollection.parseRelationshipsPart(PackageRelationshipCollection.java:307)oggger - Parsing relationship: /_rels/.rels
19:47:26.879 [main] DEBUG org.apache.poi.ooxml.POIXMLFactory.createDocumentPart(POIXMLFactory.java:65)oggger - using default POIXMLDocumentPart for http://schemas.openxmlformats.org/officeDocument/2006/relationships/printerSettings
19:47:26.899 [main] DEBUG org.apache.poi.openxml4j.opc.PackageRelationshipCollection.parseRelationshipsPart(PackageRelationshipCollection.java:307)oggger - Parsing relationship: /xl/_rels/workbook.xml.rels
19:47:26.899 [main] DEBUG org.apache.poi.openxml4j.opc.PackageRelationshipCollection.parseRelationshipsPart(PackageRelationshipCollection.java:307)oggger - Parsing relationship: /xl/worksheets/_rels/sheet1.xml.rels
19:47:26.904 [main] DEBUG org.apache.poi.openxml4j.opc.PackageRelationshipCollection.parseRelationshipsPart(PackageRelationshipCollection.java:307)oggger - Parsing relationship: /_rels/.rels
19:47:26.906 [main] DEBUG org.apache.poi.ooxml.POIXMLFactory.createDocumentPart(POIXMLFactory.java:65)oggger - using default POIXMLDocumentPart for http://schemas.openxmlformats.org/officeDocument/2006/relationships/printerSettings
19:47:26.915 [main] DEBUG org.apache.poi.openxml4j.opc.PackageRelationshipCollection.parseRelationshipsPart(PackageRelationshipCollection.java:307)oggger - Parsing relationship: /xl/_rels/workbook.xml.rels
19:47:26.915 [main] DEBUG org.apache.poi.openxml4j.opc.PackageRelationshipCollection.parseRelationshipsPart(PackageRelationshipCollection.java:307)oggger - Parsing relationship: /xl/worksheets/_rels/sheet1.xml.rels
19:47:26.915 [main] DEBUG org.apache.poi.openxml4j.opc.PackageRelationshipCollection.parseRelationshipsPart(PackageRelationshipCollection.java:307)oggger - Parsing relationship: /_rels/.rels
19:47:26.915 [main] DEBUG org.apache.poi.ooxml.POIXMLFactory.createDocumentPart(POIXMLFactory.java:65)oggger - using default POIXMLDocumentPart for http://schemas.openxmlformats.org/officeDocument/2006/relationships/printerSettings
19:47:26.947 [main] DEBUG org.apache.poi.openxml4j.opc.PackageRelationshipCollection.parseRelationshipsPart(PackageRelationshipCollection.java:307)oggger - Parsing relationship: /xl/_rels/workbook.xml.rels
19:47:26.959 [main] DEBUG org.apache.poi.openxml4j.opc.PackageRelationshipCollection.parseRelationshipsPart(PackageRelationshipCollection.java:307)oggger - Parsing relationship: /xl/worksheets/_rels/sheet1.xml.rels
19:47:26.959 [main] DEBUG org.apache.poi.openxml4j.opc.PackageRelationshipCollection.parseRelationshipsPart(PackageRelationshipCollection.java:307)oggger - Parsing relationship: /_rels/.rels
19:47:26.967 [main] DEBUG org.apache.poi.ooxml.POIXMLFactory.createDocumentPart(POIXMLFactory.java:65)oggger - using default POIXMLDocumentPart for http://schemas.openxmlformats.org/officeDocument/2006/relationships/printerSettings
19:47:26.992 [main] INFO  testCases.TC003_LoginDDT.verify_loginDDT(TC003_LoginDDT.java:18)oggger - ***** starting TC_003_LoginDDT *******
19:47:29.331 [main] INFO  testCases.TC003_LoginDDT.verify_loginDDT(TC003_LoginDDT.java:55)oggger - ***** Completed TC_003_LoginDDT *******
19:47:29.338 [main] INFO  testCases.TC003_LoginDDT.verify_loginDDT(TC003_LoginDDT.java:18)oggger - ***** starting TC_003_LoginDDT *******
19:47:40.617 [main] INFO  testCases.TC003_LoginDDT.verify_loginDDT(TC003_LoginDDT.java:55)oggger - ***** Completed TC_003_LoginDDT *******
19:47:40.617 [main] INFO  testCases.TC003_LoginDDT.verify_loginDDT(TC003_LoginDDT.java:18)oggger - ***** starting TC_003_LoginDDT *******
19:47:51.896 [main] INFO  testCases.TC003_LoginDDT.verify_loginDDT(TC003_LoginDDT.java:55)oggger - ***** Completed TC_003_LoginDDT *******
19:47:51.896 [main] INFO  testCases.TC003_LoginDDT.verify_loginDDT(TC003_LoginDDT.java:18)oggger - ***** starting TC_003_LoginDDT *******
19:48:02.510 [main] INFO  testCases.TC003_LoginDDT.verify_loginDDT(TC003_LoginDDT.java:55)oggger - ***** Completed TC_003_LoginDDT *******
19:48:02.510 [main] INFO  testCases.TC003_LoginDDT.verify_loginDDT(TC003_LoginDDT.java:18)oggger - ***** starting TC_003_LoginDDT *******
19:48:04.217 [main] INFO  testCases.TC003_LoginDDT.verify_loginDDT(TC003_LoginDDT.java:18)oggger - ***** starting TC_003_LoginDDT *******
19:48:14.867 [main] INFO  testCases.TC003_LoginDDT.verify_loginDDT(TC003_LoginDDT.java:55)oggger - ***** Completed TC_003_LoginDDT *******
19:49:25.888 [main] DEBUG org.testng.log4testng.Logger.debug(Logger.java:82)oggger - suiteXmlPath: "D:\FrameWork\OpenCart\grouping.xml"
19:49:26.264 [main] INFO  org.testng.log4testng.Logger.info(Logger.java:112)oggger - [TestNG] Running:
  D:\FrameWork\OpenCart\grouping.xml

19:49:29.175 [main] INFO  testCases.TC001_AccountRegistrationTest.verify_account_registration(TC001_AccountRegistrationTest.java:25)oggger - *** TC001_AccountRegistrationTest ***
19:49:29.822 [main] INFO  testCases.TC001_AccountRegistrationTest.verify_account_registration(TC001_AccountRegistrationTest.java:30)oggger - Clicked on My Account link
19:49:30.274 [main] INFO  testCases.TC001_AccountRegistrationTest.verify_account_registration(TC001_AccountRegistrationTest.java:32)oggger - Clicked on Register link
19:49:30.288 [main] INFO  testCases.TC001_AccountRegistrationTest.verify_account_registration(TC001_AccountRegistrationTest.java:34)oggger - Providing customer details..
19:49:34.882 [main] INFO  testCases.TC001_AccountRegistrationTest.verify_account_registration(TC001_AccountRegistrationTest.java:46)oggger - Validated expecting message..
19:49:34.917 [main] INFO  testCases.TC001_AccountRegistrationTest.verify_account_registration(TC001_AccountRegistrationTest.java:68)oggger - *** TC001_AccountRegistrationTest finished ***
19:49:38.727 [main] INFO  testCases.TC002_LoginTest.verify_login(TC002_LoginTest.java:16)oggger - ***** Starting TC002_LoginTest *******
19:49:40.321 [main] INFO  testCases.TC002_LoginTest.verify_login(TC002_LoginTest.java:48)oggger - ********* Finished TC002_LoginTest *******
20:23:54.596 [main] DEBUG org.testng.log4testng.Logger.debug(Logger.java:82)oggger - suiteXmlPath: "D:\FrameWork\OpenCart\grouping.xml"
20:23:55.066 [main] INFO  org.testng.log4testng.Logger.info(Logger.java:112)oggger - [TestNG] Running:
  D:\FrameWork\OpenCart\grouping.xml

20:23:59.561 [main] INFO  testCases.TC002_LoginTest.verify_login(TC002_LoginTest.java:16)oggger - ***** Starting TC002_LoginTest *******
20:24:02.363 [main] INFO  testCases.TC002_LoginTest.verify_login(TC002_LoginTest.java:48)oggger - ********* Finished TC002_LoginTest *******
18:53:41.612 [main] DEBUG org.testng.log4testng.Logger.debug(Logger.java:82)oggger - suiteXmlPath: "D:\FrameWork\OpenCart\grouping.xml"
18:53:41.896 [main] INFO  org.testng.log4testng.Logger.info(Logger.java:112)oggger - [TestNG] Running:
  D:\FrameWork\OpenCart\grouping.xml

18:53:58.328 [main] INFO  testCases.TC001_AccountRegistrationTest.verify_account_registration(TC001_AccountRegistrationTest.java:25)oggger - *** TC001_AccountRegistrationTest ***
18:53:58.682 [main] INFO  testCases.TC001_AccountRegistrationTest.verify_account_registration(TC001_AccountRegistrationTest.java:30)oggger - Clicked on My Account link
18:53:59.420 [main] INFO  testCases.TC001_AccountRegistrationTest.verify_account_registration(TC001_AccountRegistrationTest.java:32)oggger - Clicked on Register link
18:53:59.422 [main] INFO  testCases.TC001_AccountRegistrationTest.verify_account_registration(TC001_AccountRegistrationTest.java:34)oggger - Providing customer details..
18:54:03.900 [main] INFO  testCases.TC001_AccountRegistrationTest.verify_account_registration(TC001_AccountRegistrationTest.java:46)oggger - Validated expecting message..
18:54:03.932 [main] INFO  testCases.TC001_AccountRegistrationTest.verify_account_registration(TC001_AccountRegistrationTest.java:68)oggger - *** TC001_AccountRegistrationTest finished ***
18:54:06.508 [main] INFO  testCases.TC002_LoginTest.verify_login(TC002_LoginTest.java:16)oggger - ***** Starting TC002_LoginTest *******
18:54:08.248 [main] INFO  testCases.TC002_LoginTest.verify_login(TC002_LoginTest.java:48)oggger - ********* Finished TC002_LoginTest *******
18:59:57.845 [main] DEBUG org.testng.log4testng.Logger.debug(Logger.java:82)oggger - suiteXmlPath: "D:\FrameWork\OpenCart\grouping.xml"
18:59:58.082 [main] INFO  org.testng.log4testng.Logger.info(Logger.java:112)oggger - [TestNG] Running:
  D:\FrameWork\OpenCart\grouping.xml

19:00:01.104 [main] INFO  testCases.TC001_AccountRegistrationTest.verify_account_registration(TC001_AccountRegistrationTest.java:25)oggger - *** TC001_AccountRegistrationTest ***
19:00:01.386 [main] INFO  testCases.TC001_AccountRegistrationTest.verify_account_registration(TC001_AccountRegistrationTest.java:30)oggger - Clicked on My Account link
19:00:01.721 [main] INFO  testCases.TC001_AccountRegistrationTest.verify_account_registration(TC001_AccountRegistrationTest.java:32)oggger - Clicked on Register link
19:00:01.728 [main] INFO  testCases.TC001_AccountRegistrationTest.verify_account_registration(TC001_AccountRegistrationTest.java:34)oggger - Providing customer details..
19:00:11.648 [main] INFO  testCases.TC001_AccountRegistrationTest.verify_account_registration(TC001_AccountRegistrationTest.java:46)oggger - Validated expecting message..
19:00:11.681 [main] INFO  testCases.TC001_AccountRegistrationTest.verify_account_registration(TC001_AccountRegistrationTest.java:68)oggger - *** TC001_AccountRegistrationTest finished ***
19:00:14.231 [main] INFO  testCases.TC002_LoginTest.verify_login(TC002_LoginTest.java:16)oggger - ***** Starting TC002_LoginTest *******
19:00:15.648 [main] INFO  testCases.TC002_LoginTest.verify_login(TC002_LoginTest.java:48)oggger - ********* Finished TC002_LoginTest *******
19:05:14.004 [main] DEBUG org.testng.log4testng.Logger.debug(Logger.java:82)oggger - suiteXmlPath: "D:\FrameWork\OpenCart\grouping.xml"
19:05:14.258 [main] INFO  org.testng.log4testng.Logger.info(Logger.java:112)oggger - [TestNG] Running:
  D:\FrameWork\OpenCart\grouping.xml

19:05:17.087 [main] INFO  testCases.TC001_AccountRegistrationTest.verify_account_registration(TC001_AccountRegistrationTest.java:25)oggger - *** TC001_AccountRegistrationTest ***
19:05:17.585 [main] INFO  testCases.TC001_AccountRegistrationTest.verify_account_registration(TC001_AccountRegistrationTest.java:30)oggger - Clicked on My Account link
19:05:17.991 [main] INFO  testCases.TC001_AccountRegistrationTest.verify_account_registration(TC001_AccountRegistrationTest.java:32)oggger - Clicked on Register link
19:05:17.994 [main] INFO  testCases.TC001_AccountRegistrationTest.verify_account_registration(TC001_AccountRegistrationTest.java:34)oggger - Providing customer details..
19:05:22.477 [main] INFO  testCases.TC001_AccountRegistrationTest.verify_account_registration(TC001_AccountRegistrationTest.java:46)oggger - Validated expecting message..
19:05:22.509 [main] INFO  testCases.TC001_AccountRegistrationTest.verify_account_registration(TC001_AccountRegistrationTest.java:68)oggger - *** TC001_AccountRegistrationTest finished ***
19:05:24.992 [main] INFO  testCases.TC002_LoginTest.verify_login(TC002_LoginTest.java:16)oggger - ***** Starting TC002_LoginTest *******
19:51:05.093 [main] DEBUG org.testng.log4testng.Logger.debug(Logger.java:82)oggger - suiteXmlPath: "C:\Users\ADMIN\AppData\Local\JetBrains\IdeaIC2025.1\temp-testng-customsuite.xml"
19:51:05.361 [main] INFO  org.testng.log4testng.Logger.info(Logger.java:112)oggger - [TestNG] Running:
  C:\Users\ADMIN\AppData\Local\JetBrains\IdeaIC2025.1\temp-testng-customsuite.xml

20:01:46.417 [main] DEBUG org.testng.log4testng.Logger.debug(Logger.java:82)oggger - suiteXmlPath: "D:\FrameWork\OpenCart\grouping.xml"
20:01:46.681 [main] INFO  org.testng.log4testng.Logger.info(Logger.java:112)oggger - [TestNG] Running:
  D:\FrameWork\OpenCart\grouping.xml

20:02:29.552 [main] INFO  testCases.TC001_AccountRegistrationTest.verify_account_registration(TC001_AccountRegistrationTest.java:25)oggger - *** TC001_AccountRegistrationTest ***
20:02:29.940 [main] INFO  testCases.TC001_AccountRegistrationTest.verify_account_registration(TC001_AccountRegistrationTest.java:30)oggger - Clicked on My Account link
20:02:30.362 [main] INFO  testCases.TC001_AccountRegistrationTest.verify_account_registration(TC001_AccountRegistrationTest.java:32)oggger - Clicked on Register link
20:02:30.366 [main] INFO  testCases.TC001_AccountRegistrationTest.verify_account_registration(TC001_AccountRegistrationTest.java:34)oggger - Providing customer details..
20:02:34.994 [main] INFO  testCases.TC001_AccountRegistrationTest.verify_account_registration(TC001_AccountRegistrationTest.java:46)oggger - Validated expecting message..
20:02:35.042 [main] INFO  testCases.TC001_AccountRegistrationTest.verify_account_registration(TC001_AccountRegistrationTest.java:68)oggger - *** TC001_AccountRegistrationTest finished ***
20:02:37.770 [main] INFO  testCases.TC002_LoginTest.verify_login(TC002_LoginTest.java:16)oggger - ***** Starting TC002_LoginTest *******
20:07:57.632 [main] DEBUG org.testng.log4testng.Logger.debug(Logger.java:82)oggger - suiteXmlPath: "D:\FrameWork\OpenCart\grouping.xml"
20:07:57.931 [main] INFO  org.testng.log4testng.Logger.info(Logger.java:112)oggger - [TestNG] Running:
  D:\FrameWork\OpenCart\grouping.xml

20:08:02.017 [main] INFO  testCases.TC001_AccountRegistrationTest.verify_account_registration(TC001_AccountRegistrationTest.java:25)oggger - *** TC001_AccountRegistrationTest ***
20:08:02.365 [main] INFO  testCases.TC001_AccountRegistrationTest.verify_account_registration(TC001_AccountRegistrationTest.java:30)oggger - Clicked on My Account link
20:08:02.810 [main] INFO  testCases.TC001_AccountRegistrationTest.verify_account_registration(TC001_AccountRegistrationTest.java:32)oggger - Clicked on Register link
20:08:02.813 [main] INFO  testCases.TC001_AccountRegistrationTest.verify_account_registration(TC001_AccountRegistrationTest.java:34)oggger - Providing customer details..
20:08:07.458 [main] INFO  testCases.TC001_AccountRegistrationTest.verify_account_registration(TC001_AccountRegistrationTest.java:46)oggger - Validated expecting message..
20:08:07.527 [main] INFO  testCases.TC001_AccountRegistrationTest.verify_account_registration(TC001_AccountRegistrationTest.java:68)oggger - *** TC001_AccountRegistrationTest finished ***
20:08:10.208 [main] INFO  testCases.TC002_LoginTest.verify_login(TC002_LoginTest.java:16)oggger - ***** Starting TC002_LoginTest *******
20:18:37.688 [main] DEBUG org.testng.log4testng.Logger.debug(Logger.java:82)oggger - suiteXmlPath: "D:\FrameWork\OpenCart\grouping.xml"
20:18:38.039 [main] INFO  org.testng.log4testng.Logger.info(Logger.java:112)oggger - [TestNG] Running:
  D:\FrameWork\OpenCart\grouping.xml

20:18:42.721 [main] INFO  testCases.TC001_AccountRegistrationTest.verify_account_registration(TC001_AccountRegistrationTest.java:25)oggger - *** TC001_AccountRegistrationTest ***
20:18:43.228 [main] INFO  testCases.TC001_AccountRegistrationTest.verify_account_registration(TC001_AccountRegistrationTest.java:30)oggger - Clicked on My Account link
20:18:43.734 [main] INFO  testCases.TC001_AccountRegistrationTest.verify_account_registration(TC001_AccountRegistrationTest.java:32)oggger - Clicked on Register link
20:18:43.737 [main] INFO  testCases.TC001_AccountRegistrationTest.verify_account_registration(TC001_AccountRegistrationTest.java:34)oggger - Providing customer details..
20:18:48.535 [main] INFO  testCases.TC001_AccountRegistrationTest.verify_account_registration(TC001_AccountRegistrationTest.java:46)oggger - Validated expecting message..
20:18:48.602 [main] INFO  testCases.TC001_AccountRegistrationTest.verify_account_registration(TC001_AccountRegistrationTest.java:68)oggger - *** TC001_AccountRegistrationTest finished ***
20:18:51.496 [main] INFO  testCases.TC002_LoginTest.verify_login(TC002_LoginTest.java:16)oggger - ***** Starting TC002_LoginTest *******
20:25:09.398 [main] DEBUG org.testng.log4testng.Logger.debug(Logger.java:82)oggger - suiteXmlPath: "D:\FrameWork\OpenCart\grouping.xml"
20:25:09.811 [main] INFO  org.testng.log4testng.Logger.info(Logger.java:112)oggger - [TestNG] Running:
  D:\FrameWork\OpenCart\grouping.xml

20:25:20.348 [main] DEBUG org.testng.log4testng.Logger.debug(Logger.java:82)oggger - suiteXmlPath: "D:\FrameWork\OpenCart\test-output\testng-failed.xml"
20:25:20.723 [main] INFO  org.testng.log4testng.Logger.info(Logger.java:112)oggger - [TestNG] Running:
  D:\FrameWork\OpenCart\test-output\testng-failed.xml

20:25:24.285 [main] INFO  testCases.TC002_LoginTest.verify_login(TC002_LoginTest.java:16)oggger - ***** Starting TC002_LoginTest *******
20:26:22.339 [main] DEBUG org.testng.log4testng.Logger.debug(Logger.java:82)oggger - suiteXmlPath: "D:\FrameWork\OpenCart\test-output\testng-failed.xml"
20:26:22.743 [main] INFO  org.testng.log4testng.Logger.info(Logger.java:112)oggger - [TestNG] Running:
  D:\FrameWork\OpenCart\test-output\testng-failed.xml

20:26:26.989 [main] INFO  testCases.TC002_LoginTest.verify_login(TC002_LoginTest.java:16)oggger - ***** Starting TC002_LoginTest *******
20:31:42.857 [main] DEBUG org.testng.log4testng.Logger.debug(Logger.java:82)oggger - suiteXmlPath: "D:\FrameWork\OpenCart\test-output\testng-failed.xml"
20:31:43.189 [main] INFO  org.testng.log4testng.Logger.info(Logger.java:112)oggger - [TestNG] Running:
  D:\FrameWork\OpenCart\test-output\testng-failed.xml

20:31:47.603 [main] INFO  testCases.TC002_LoginTest.verify_login(TC002_LoginTest.java:16)oggger - ***** Starting TC002_LoginTest *******
20:33:37.393 [main] DEBUG org.testng.log4testng.Logger.debug(Logger.java:82)oggger - suiteXmlPath: "D:\FrameWork\OpenCart\test-output\testng-failed.xml"
20:33:37.753 [main] INFO  org.testng.log4testng.Logger.info(Logger.java:112)oggger - [TestNG] Running:
  D:\FrameWork\OpenCart\test-output\testng-failed.xml

20:33:41.973 [main] INFO  testCases.TC002_LoginTest.verify_login(TC002_LoginTest.java:16)oggger - ***** Starting TC002_LoginTest *******
20:33:44.245 [main] INFO  testCases.TC002_LoginTest.verify_login(TC002_LoginTest.java:48)oggger - ********* Finished TC002_LoginTest *******
22:11:33.377 [main] DEBUG org.testng.log4testng.Logger.debug(Logger.java:82)oggger - suiteXmlPath: "D:\FrameWork\OpenCart\master.xml"
22:11:33.639 [main] INFO  org.testng.log4testng.Logger.info(Logger.java:112)oggger - [TestNG] Running:
  D:\FrameWork\OpenCart\master.xml

22:12:23.432 [main] INFO  testCases.TC001_AccountRegistrationTest.verify_account_registration(TC001_AccountRegistrationTest.java:25)oggger - *** TC001_AccountRegistrationTest ***
22:12:23.688 [main] INFO  testCases.TC001_AccountRegistrationTest.verify_account_registration(TC001_AccountRegistrationTest.java:30)oggger - Clicked on My Account link
22:12:24.090 [main] INFO  testCases.TC001_AccountRegistrationTest.verify_account_registration(TC001_AccountRegistrationTest.java:32)oggger - Clicked on Register link
22:12:24.093 [main] INFO  testCases.TC001_AccountRegistrationTest.verify_account_registration(TC001_AccountRegistrationTest.java:34)oggger - Providing customer details..
22:12:28.680 [main] INFO  testCases.TC001_AccountRegistrationTest.verify_account_registration(TC001_AccountRegistrationTest.java:46)oggger - Validated expecting message..
22:12:28.717 [main] INFO  testCases.TC001_AccountRegistrationTest.verify_account_registration(TC001_AccountRegistrationTest.java:68)oggger - *** TC001_AccountRegistrationTest finished ***
22:12:31.309 [main] INFO  testCases.TC002_LoginTest.verify_login(TC002_LoginTest.java:16)oggger - ***** Starting TC002_LoginTest *******
22:12:32.803 [main] INFO  testCases.TC002_LoginTest.verify_login(TC002_LoginTest.java:48)oggger - ********* Finished TC002_LoginTest *******
11:41:33.613 [main] DEBUG org.testng.log4testng.Logger.debug(Logger.java:82)oggger - suiteXmlPath: "D:\FrameWork\OpenCart\crossbrowsertesting.xml"
11:41:33.931 [main] INFO  org.testng.log4testng.Logger.info(Logger.java:112)oggger - [TestNG] Running:
  D:\FrameWork\OpenCart\crossbrowsertesting.xml

11:41:34.193 [TestNG-tests-3] INFO  testCases.TC001_AccountRegistrationTest.verify_account_registration(TC001_AccountRegistrationTest.java:25)oggger - *** TC001_AccountRegistrationTest ***
11:41:39.398 [TestNG-tests-1] INFO  testCases.TC001_AccountRegistrationTest.verify_account_registration(TC001_AccountRegistrationTest.java:25)oggger - *** TC001_AccountRegistrationTest ***
11:41:39.679 [TestNG-tests-1] INFO  testCases.TC001_AccountRegistrationTest.verify_account_registration(TC001_AccountRegistrationTest.java:30)oggger - Clicked on My Account link
11:41:40.121 [TestNG-tests-1] INFO  testCases.TC001_AccountRegistrationTest.verify_account_registration(TC001_AccountRegistrationTest.java:32)oggger - Clicked on Register link
11:41:40.125 [TestNG-tests-1] INFO  testCases.TC001_AccountRegistrationTest.verify_account_registration(TC001_AccountRegistrationTest.java:34)oggger - Providing customer details..
11:41:43.564 [TestNG-tests-2] INFO  testCases.TC001_AccountRegistrationTest.verify_account_registration(TC001_AccountRegistrationTest.java:25)oggger - *** TC001_AccountRegistrationTest ***
11:41:44.459 [TestNG-tests-2] INFO  testCases.TC001_AccountRegistrationTest.verify_account_registration(TC001_AccountRegistrationTest.java:30)oggger - Clicked on My Account link
11:41:44.915 [TestNG-tests-1] INFO  testCases.TC001_AccountRegistrationTest.verify_account_registration(TC001_AccountRegistrationTest.java:46)oggger - Validated expecting message..
11:41:45.045 [TestNG-tests-1] INFO  testCases.TC001_AccountRegistrationTest.verify_account_registration(TC001_AccountRegistrationTest.java:68)oggger - *** TC001_AccountRegistrationTest finished ***
11:41:45.090 [TestNG-tests-2] INFO  testCases.TC001_AccountRegistrationTest.verify_account_registration(TC001_AccountRegistrationTest.java:32)oggger - Clicked on Register link
11:41:45.093 [TestNG-tests-2] INFO  testCases.TC001_AccountRegistrationTest.verify_account_registration(TC001_AccountRegistrationTest.java:34)oggger - Providing customer details..
13:57:23.802 [main] DEBUG org.testng.log4testng.Logger.debug(Logger.java:82)oggger - suiteXmlPath: "D:\FrameWork\OpenCart\grid-docker.xml"
13:57:24.093 [main] INFO  org.testng.log4testng.Logger.info(Logger.java:112)oggger - [TestNG] Running:
  D:\FrameWork\OpenCart\grid-docker.xml

13:57:35.960 [main] INFO  testCases.TC001_AccountRegistrationTest.verify_account_registration(TC001_AccountRegistrationTest.java:25)oggger - *** TC001_AccountRegistrationTest ***
13:57:36.261 [main] INFO  testCases.TC001_AccountRegistrationTest.verify_account_registration(TC001_AccountRegistrationTest.java:30)oggger - Clicked on My Account link
13:57:36.895 [main] INFO  testCases.TC001_AccountRegistrationTest.verify_account_registration(TC001_AccountRegistrationTest.java:32)oggger - Clicked on Register link
13:57:36.909 [main] INFO  testCases.TC001_AccountRegistrationTest.verify_account_registration(TC001_AccountRegistrationTest.java:34)oggger - Providing customer details..
13:57:42.148 [main] INFO  testCases.TC001_AccountRegistrationTest.verify_account_registration(TC001_AccountRegistrationTest.java:46)oggger - Validated expecting message..
13:57:42.242 [main] INFO  testCases.TC001_AccountRegistrationTest.verify_account_registration(TC001_AccountRegistrationTest.java:68)oggger - *** TC001_AccountRegistrationTest finished ***
13:57:44.279 [main] INFO  testCases.TC002_LoginTest.verify_login(TC002_LoginTest.java:16)oggger - ***** Starting TC002_LoginTest *******
13:57:46.484 [main] INFO  testCases.TC002_LoginTest.verify_login(TC002_LoginTest.java:48)oggger - ********* Finished TC002_LoginTest *******
14:02:08.670 [main] DEBUG org.testng.log4testng.Logger.debug(Logger.java:82)oggger - suiteXmlPath: "D:\FrameWork\OpenCart\grid-docker.xml"
14:02:09.076 [main] INFO  org.testng.log4testng.Logger.info(Logger.java:112)oggger - [TestNG] Running:
  D:\FrameWork\OpenCart\grid-docker.xml

14:02:20.221 [main] INFO  testCases.TC001_AccountRegistrationTest.verify_account_registration(TC001_AccountRegistrationTest.java:25)oggger - *** TC001_AccountRegistrationTest ***
14:02:21.395 [main] INFO  testCases.TC001_AccountRegistrationTest.verify_account_registration(TC001_AccountRegistrationTest.java:30)oggger - Clicked on My Account link
14:02:22.374 [main] INFO  testCases.TC001_AccountRegistrationTest.verify_account_registration(TC001_AccountRegistrationTest.java:32)oggger - Clicked on Register link
14:02:22.381 [main] INFO  testCases.TC001_AccountRegistrationTest.verify_account_registration(TC001_AccountRegistrationTest.java:34)oggger - Providing customer details..
14:02:27.409 [main] INFO  testCases.TC001_AccountRegistrationTest.verify_account_registration(TC001_AccountRegistrationTest.java:46)oggger - Validated expecting message..
14:02:27.476 [main] INFO  testCases.TC001_AccountRegistrationTest.verify_account_registration(TC001_AccountRegistrationTest.java:68)oggger - *** TC001_AccountRegistrationTest finished ***
14:02:33.281 [main] INFO  testCases.TC002_LoginTest.verify_login(TC002_LoginTest.java:16)oggger - ***** Starting TC002_LoginTest *******
14:02:35.067 [main] INFO  testCases.TC002_LoginTest.verify_login(TC002_LoginTest.java:48)oggger - ********* Finished TC002_LoginTest *******
14:04:45.578 [main] DEBUG org.testng.log4testng.Logger.debug(Logger.java:82)oggger - suiteXmlPath: "D:\FrameWork\OpenCart\grid-docker.xml"
14:04:45.838 [main] INFO  org.testng.log4testng.Logger.info(Logger.java:112)oggger - [TestNG] Running:
  D:\FrameWork\OpenCart\grid-docker.xml

14:04:51.663 [main] INFO  testCases.TC001_AccountRegistrationTest.verify_account_registration(TC001_AccountRegistrationTest.java:25)oggger - *** TC001_AccountRegistrationTest ***
14:04:51.967 [main] INFO  testCases.TC001_AccountRegistrationTest.verify_account_registration(TC001_AccountRegistrationTest.java:30)oggger - Clicked on My Account link
14:04:52.509 [main] INFO  testCases.TC001_AccountRegistrationTest.verify_account_registration(TC001_AccountRegistrationTest.java:32)oggger - Clicked on Register link
14:04:52.514 [main] INFO  testCases.TC001_AccountRegistrationTest.verify_account_registration(TC001_AccountRegistrationTest.java:34)oggger - Providing customer details..
14:04:57.402 [main] INFO  testCases.TC001_AccountRegistrationTest.verify_account_registration(TC001_AccountRegistrationTest.java:46)oggger - Validated expecting message..
14:04:57.479 [main] INFO  testCases.TC001_AccountRegistrationTest.verify_account_registration(TC001_AccountRegistrationTest.java:68)oggger - *** TC001_AccountRegistrationTest finished ***
14:04:59.054 [main] INFO  testCases.TC002_LoginTest.verify_login(TC002_LoginTest.java:16)oggger - ***** Starting TC002_LoginTest *******
14:05:00.962 [main] INFO  testCases.TC002_LoginTest.verify_login(TC002_LoginTest.java:48)oggger - ********* Finished TC002_LoginTest *******
14:05:08.029 [main] INFO  testCases.TC001_AccountRegistrationTest.verify_account_registration(TC001_AccountRegistrationTest.java:25)oggger - *** TC001_AccountRegistrationTest ***
14:05:08.263 [main] INFO  testCases.TC001_AccountRegistrationTest.verify_account_registration(TC001_AccountRegistrationTest.java:30)oggger - Clicked on My Account link
14:05:08.852 [main] INFO  testCases.TC001_AccountRegistrationTest.verify_account_registration(TC001_AccountRegistrationTest.java:32)oggger - Clicked on Register link
14:05:08.853 [main] INFO  testCases.TC001_AccountRegistrationTest.verify_account_registration(TC001_AccountRegistrationTest.java:34)oggger - Providing customer details..
14:05:13.407 [main] INFO  testCases.TC001_AccountRegistrationTest.verify_account_registration(TC001_AccountRegistrationTest.java:46)oggger - Validated expecting message..
14:05:13.463 [main] INFO  testCases.TC001_AccountRegistrationTest.verify_account_registration(TC001_AccountRegistrationTest.java:68)oggger - *** TC001_AccountRegistrationTest finished ***
14:05:18.672 [main] INFO  testCases.TC002_LoginTest.verify_login(TC002_LoginTest.java:16)oggger - ***** Starting TC002_LoginTest *******
14:05:20.476 [main] INFO  testCases.TC002_LoginTest.verify_login(TC002_LoginTest.java:48)oggger - ********* Finished TC002_LoginTest *******
14:06:33.857 [main] DEBUG org.testng.log4testng.Logger.debug(Logger.java:82)oggger - suiteXmlPath: "D:\FrameWork\OpenCart\grid-docker.xml"
14:06:34.141 [main] INFO  org.testng.log4testng.Logger.info(Logger.java:112)oggger - [TestNG] Running:
  D:\FrameWork\OpenCart\grid-docker.xml

14:06:37.548 [main] INFO  testCases.TC001_AccountRegistrationTest.verify_account_registration(TC001_AccountRegistrationTest.java:25)oggger - *** TC001_AccountRegistrationTest ***
14:06:37.810 [main] INFO  testCases.TC001_AccountRegistrationTest.verify_account_registration(TC001_AccountRegistrationTest.java:30)oggger - Clicked on My Account link
14:06:38.478 [main] INFO  testCases.TC001_AccountRegistrationTest.verify_account_registration(TC001_AccountRegistrationTest.java:32)oggger - Clicked on Register link
14:06:38.495 [main] INFO  testCases.TC001_AccountRegistrationTest.verify_account_registration(TC001_AccountRegistrationTest.java:34)oggger - Providing customer details..
14:06:43.753 [main] INFO  testCases.TC001_AccountRegistrationTest.verify_account_registration(TC001_AccountRegistrationTest.java:46)oggger - Validated expecting message..
14:06:43.827 [main] INFO  testCases.TC001_AccountRegistrationTest.verify_account_registration(TC001_AccountRegistrationTest.java:68)oggger - *** TC001_AccountRegistrationTest finished ***
14:06:45.466 [main] INFO  testCases.TC002_LoginTest.verify_login(TC002_LoginTest.java:16)oggger - ***** Starting TC002_LoginTest *******
14:06:47.142 [main] INFO  testCases.TC002_LoginTest.verify_login(TC002_LoginTest.java:48)oggger - ********* Finished TC002_LoginTest *******
14:06:53.894 [main] INFO  testCases.TC001_AccountRegistrationTest.verify_account_registration(TC001_AccountRegistrationTest.java:25)oggger - *** TC001_AccountRegistrationTest ***
14:06:54.274 [main] INFO  testCases.TC001_AccountRegistrationTest.verify_account_registration(TC001_AccountRegistrationTest.java:30)oggger - Clicked on My Account link
14:06:54.844 [main] INFO  testCases.TC001_AccountRegistrationTest.verify_account_registration(TC001_AccountRegistrationTest.java:32)oggger - Clicked on Register link
14:06:54.845 [main] INFO  testCases.TC001_AccountRegistrationTest.verify_account_registration(TC001_AccountRegistrationTest.java:34)oggger - Providing customer details..
14:06:59.194 [main] INFO  testCases.TC001_AccountRegistrationTest.verify_account_registration(TC001_AccountRegistrationTest.java:46)oggger - Validated expecting message..
14:06:59.228 [main] INFO  testCases.TC001_AccountRegistrationTest.verify_account_registration(TC001_AccountRegistrationTest.java:68)oggger - *** TC001_AccountRegistrationTest finished ***
14:07:04.657 [main] INFO  testCases.TC002_LoginTest.verify_login(TC002_LoginTest.java:16)oggger - ***** Starting TC002_LoginTest *******
14:07:06.263 [main] INFO  testCases.TC002_LoginTest.verify_login(TC002_LoginTest.java:48)oggger - ********* Finished TC002_LoginTest *******
15:38:32.692 [main] DEBUG org.testng.log4testng.Logger.debug(Logger.java:82)oggger - suiteXmlPath: "D:\FrameWork\OpenCart\grid-docker.xml"
15:38:33.172 [main] INFO  org.testng.log4testng.Logger.info(Logger.java:112)oggger - [TestNG] Running:
  D:\FrameWork\OpenCart\grid-docker.xml

15:38:46.590 [main] INFO  testCases.TC001_AccountRegistrationTest.verify_account_registration(TC001_AccountRegistrationTest.java:25)oggger - *** TC001_AccountRegistrationTest ***
15:38:46.928 [main] INFO  testCases.TC001_AccountRegistrationTest.verify_account_registration(TC001_AccountRegistrationTest.java:30)oggger - Clicked on My Account link
15:38:47.677 [main] INFO  testCases.TC001_AccountRegistrationTest.verify_account_registration(TC001_AccountRegistrationTest.java:32)oggger - Clicked on Register link
15:38:47.684 [main] INFO  testCases.TC001_AccountRegistrationTest.verify_account_registration(TC001_AccountRegistrationTest.java:34)oggger - Providing customer details..
15:38:52.709 [main] INFO  testCases.TC001_AccountRegistrationTest.verify_account_registration(TC001_AccountRegistrationTest.java:46)oggger - Validated expecting message..
15:38:52.788 [main] INFO  testCases.TC001_AccountRegistrationTest.verify_account_registration(TC001_AccountRegistrationTest.java:68)oggger - *** TC001_AccountRegistrationTest finished ***
15:38:54.512 [main] INFO  testCases.TC002_LoginTest.verify_login(TC002_LoginTest.java:16)oggger - ***** Starting TC002_LoginTest *******
15:38:56.348 [main] INFO  testCases.TC002_LoginTest.verify_login(TC002_LoginTest.java:48)oggger - ********* Finished TC002_LoginTest *******
15:39:07.488 [main] INFO  testCases.TC001_AccountRegistrationTest.verify_account_registration(TC001_AccountRegistrationTest.java:25)oggger - *** TC001_AccountRegistrationTest ***
15:39:07.874 [main] INFO  testCases.TC001_AccountRegistrationTest.verify_account_registration(TC001_AccountRegistrationTest.java:30)oggger - Clicked on My Account link
15:39:08.503 [main] INFO  testCases.TC001_AccountRegistrationTest.verify_account_registration(TC001_AccountRegistrationTest.java:32)oggger - Clicked on Register link
15:39:08.504 [main] INFO  testCases.TC001_AccountRegistrationTest.verify_account_registration(TC001_AccountRegistrationTest.java:34)oggger - Providing customer details..
15:39:12.964 [main] INFO  testCases.TC001_AccountRegistrationTest.verify_account_registration(TC001_AccountRegistrationTest.java:46)oggger - Validated expecting message..
15:39:13.002 [main] INFO  testCases.TC001_AccountRegistrationTest.verify_account_registration(TC001_AccountRegistrationTest.java:68)oggger - *** TC001_AccountRegistrationTest finished ***
15:39:18.371 [main] INFO  testCases.TC002_LoginTest.verify_login(TC002_LoginTest.java:16)oggger - ***** Starting TC002_LoginTest *******
15:39:19.963 [main] INFO  testCases.TC002_LoginTest.verify_login(TC002_LoginTest.java:48)oggger - ********* Finished TC002_LoginTest *******
15:40:40.019 [main] DEBUG org.testng.log4testng.Logger.debug(Logger.java:82)oggger - suiteXmlPath: "D:\FrameWork\OpenCart\grid-docker.xml"
15:40:40.521 [main] INFO  org.testng.log4testng.Logger.info(Logger.java:112)oggger - [TestNG] Running:
  D:\FrameWork\OpenCart\grid-docker.xml

15:40:43.197 [main] INFO  testCases.TC001_AccountRegistrationTest.verify_account_registration(TC001_AccountRegistrationTest.java:25)oggger - *** TC001_AccountRegistrationTest ***
15:40:43.392 [main] INFO  testCases.TC001_AccountRegistrationTest.verify_account_registration(TC001_AccountRegistrationTest.java:30)oggger - Clicked on My Account link
15:40:43.838 [main] INFO  testCases.TC001_AccountRegistrationTest.verify_account_registration(TC001_AccountRegistrationTest.java:32)oggger - Clicked on Register link
15:40:43.842 [main] INFO  testCases.TC001_AccountRegistrationTest.verify_account_registration(TC001_AccountRegistrationTest.java:34)oggger - Providing customer details..
15:40:48.920 [main] INFO  testCases.TC001_AccountRegistrationTest.verify_account_registration(TC001_AccountRegistrationTest.java:46)oggger - Validated expecting message..
15:40:48.977 [main] INFO  testCases.TC001_AccountRegistrationTest.verify_account_registration(TC001_AccountRegistrationTest.java:68)oggger - *** TC001_AccountRegistrationTest finished ***
15:40:50.524 [main] INFO  testCases.TC002_LoginTest.verify_login(TC002_LoginTest.java:16)oggger - ***** Starting TC002_LoginTest *******
15:40:52.299 [main] INFO  testCases.TC002_LoginTest.verify_login(TC002_LoginTest.java:48)oggger - ********* Finished TC002_LoginTest *******
15:40:58.702 [main] INFO  testCases.TC001_AccountRegistrationTest.verify_account_registration(TC001_AccountRegistrationTest.java:25)oggger - *** TC001_AccountRegistrationTest ***
15:40:58.924 [main] INFO  testCases.TC001_AccountRegistrationTest.verify_account_registration(TC001_AccountRegistrationTest.java:30)oggger - Clicked on My Account link
15:40:59.571 [main] INFO  testCases.TC001_AccountRegistrationTest.verify_account_registration(TC001_AccountRegistrationTest.java:32)oggger - Clicked on Register link
15:40:59.572 [main] INFO  testCases.TC001_AccountRegistrationTest.verify_account_registration(TC001_AccountRegistrationTest.java:34)oggger - Providing customer details..
15:41:04.004 [main] INFO  testCases.TC001_AccountRegistrationTest.verify_account_registration(TC001_AccountRegistrationTest.java:46)oggger - Validated expecting message..
15:41:04.055 [main] INFO  testCases.TC001_AccountRegistrationTest.verify_account_registration(TC001_AccountRegistrationTest.java:68)oggger - *** TC001_AccountRegistrationTest finished ***
15:41:08.937 [main] INFO  testCases.TC002_LoginTest.verify_login(TC002_LoginTest.java:16)oggger - ***** Starting TC002_LoginTest *******
15:41:10.568 [main] INFO  testCases.TC002_LoginTest.verify_login(TC002_LoginTest.java:48)oggger - ********* Finished TC002_LoginTest *******
17:27:52.852 [main] DEBUG org.testng.log4testng.Logger.debug(Logger.java:82)oggger - suiteXmlPath: "D:\FrameWork\OpenCart\master.xml"
17:37:11.582 [main] DEBUG org.testng.log4testng.Logger.debug(Logger.java:82)oggger - suiteXmlPath: "D:\FrameWork\OpenCart\master.xml"
17:40:59.894 [main] DEBUG org.testng.log4testng.Logger.debug(Logger.java:82)oggger - suiteXmlPath: "D:\FrameWork\OpenCart\master.xml"
17:41:07.504 [main] INFO  testCases.TC001_AccountRegistrationTest.verify_account_registration(TC001_AccountRegistrationTest.java:25)oggger - *** TC001_AccountRegistrationTest ***
17:41:08.058 [main] INFO  testCases.TC001_AccountRegistrationTest.verify_account_registration(TC001_AccountRegistrationTest.java:30)oggger - Clicked on My Account link
17:41:08.488 [main] INFO  testCases.TC001_AccountRegistrationTest.verify_account_registration(TC001_AccountRegistrationTest.java:32)oggger - Clicked on Register link
17:41:08.494 [main] INFO  testCases.TC001_AccountRegistrationTest.verify_account_registration(TC001_AccountRegistrationTest.java:34)oggger - Providing customer details..
17:41:13.253 [main] INFO  testCases.TC001_AccountRegistrationTest.verify_account_registration(TC001_AccountRegistrationTest.java:46)oggger - Validated expecting message..
17:41:13.286 [main] INFO  testCases.TC001_AccountRegistrationTest.verify_account_registration(TC001_AccountRegistrationTest.java:68)oggger - *** TC001_AccountRegistrationTest finished ***
17:41:15.865 [main] INFO  testCases.TC002_LoginTest.verify_login(TC002_LoginTest.java:16)oggger - ***** Starting TC002_LoginTest *******
17:41:17.866 [main] INFO  testCases.TC002_LoginTest.verify_login(TC002_LoginTest.java:48)oggger - ********* Finished TC002_LoginTest *******
17:41:55.446 [main] DEBUG org.testng.log4testng.Logger.debug(Logger.java:82)oggger - suiteXmlPath: "D:\FrameWork\OpenCart\master.xml"
17:41:59.354 [main] INFO  testCases.TC001_AccountRegistrationTest.verify_account_registration(TC001_AccountRegistrationTest.java:25)oggger - *** TC001_AccountRegistrationTest ***
17:41:59.879 [main] INFO  testCases.TC001_AccountRegistrationTest.verify_account_registration(TC001_AccountRegistrationTest.java:30)oggger - Clicked on My Account link
17:42:00.361 [main] INFO  testCases.TC001_AccountRegistrationTest.verify_account_registration(TC001_AccountRegistrationTest.java:32)oggger - Clicked on Register link
17:42:00.364 [main] INFO  testCases.TC001_AccountRegistrationTest.verify_account_registration(TC001_AccountRegistrationTest.java:34)oggger - Providing customer details..
17:42:04.945 [main] INFO  testCases.TC001_AccountRegistrationTest.verify_account_registration(TC001_AccountRegistrationTest.java:46)oggger - Validated expecting message..
17:42:04.978 [main] INFO  testCases.TC001_AccountRegistrationTest.verify_account_registration(TC001_AccountRegistrationTest.java:68)oggger - *** TC001_AccountRegistrationTest finished ***
17:42:07.880 [main] INFO  testCases.TC002_LoginTest.verify_login(TC002_LoginTest.java:16)oggger - ***** Starting TC002_LoginTest *******
17:42:10.030 [main] INFO  testCases.TC002_LoginTest.verify_login(TC002_LoginTest.java:48)oggger - ********* Finished TC002_LoginTest *******
17:45:41.731 [main] DEBUG org.testng.log4testng.Logger.debug(Logger.java:82)oggger - suiteXmlPath: "D:\FrameWork\OpenCart\master.xml"
17:45:46.423 [main] INFO  testCases.TC001_AccountRegistrationTest.verify_account_registration(TC001_AccountRegistrationTest.java:25)oggger - *** TC001_AccountRegistrationTest ***
17:45:46.953 [main] INFO  testCases.TC001_AccountRegistrationTest.verify_account_registration(TC001_AccountRegistrationTest.java:30)oggger - Clicked on My Account link
17:45:47.424 [main] INFO  testCases.TC001_AccountRegistrationTest.verify_account_registration(TC001_AccountRegistrationTest.java:32)oggger - Clicked on Register link
17:45:47.434 [main] INFO  testCases.TC001_AccountRegistrationTest.verify_account_registration(TC001_AccountRegistrationTest.java:34)oggger - Providing customer details..
17:45:52.479 [main] INFO  testCases.TC001_AccountRegistrationTest.verify_account_registration(TC001_AccountRegistrationTest.java:46)oggger - Validated expecting message..
17:45:52.528 [main] INFO  testCases.TC001_AccountRegistrationTest.verify_account_registration(TC001_AccountRegistrationTest.java:68)oggger - *** TC001_AccountRegistrationTest finished ***
17:45:55.224 [main] INFO  testCases.TC002_LoginTest.verify_login(TC002_LoginTest.java:16)oggger - ***** Starting TC002_LoginTest *******
17:45:57.233 [main] INFO  testCases.TC002_LoginTest.verify_login(TC002_LoginTest.java:48)oggger - ********* Finished TC002_LoginTest *******
19:54:31.066 [main] DEBUG org.testng.log4testng.Logger.debug(Logger.java:82)oggger - suiteXmlPath: "D:\FrameWork\OpenCart\master.xml"
19:54:45.413 [main] INFO  testCases.TC001_AccountRegistrationTest.verify_account_registration(TC001_AccountRegistrationTest.java:25)oggger - *** TC001_AccountRegistrationTest ***
19:54:45.743 [main] INFO  testCases.TC001_AccountRegistrationTest.verify_account_registration(TC001_AccountRegistrationTest.java:30)oggger - Clicked on My Account link
19:54:46.293 [main] INFO  testCases.TC001_AccountRegistrationTest.verify_account_registration(TC001_AccountRegistrationTest.java:32)oggger - Clicked on Register link
19:54:46.296 [main] INFO  testCases.TC001_AccountRegistrationTest.verify_account_registration(TC001_AccountRegistrationTest.java:34)oggger - Providing customer details..
19:54:50.756 [main] INFO  testCases.TC001_AccountRegistrationTest.verify_account_registration(TC001_AccountRegistrationTest.java:46)oggger - Validated expecting message..
19:54:50.794 [main] INFO  testCases.TC001_AccountRegistrationTest.verify_account_registration(TC001_AccountRegistrationTest.java:68)oggger - *** TC001_AccountRegistrationTest finished ***
19:54:53.707 [main] INFO  testCases.TC002_LoginTest.verify_login(TC002_LoginTest.java:16)oggger - ***** Starting TC002_LoginTest *******
19:54:55.303 [main] INFO  testCases.TC002_LoginTest.verify_login(TC002_LoginTest.java:48)oggger - ********* Finished TC002_LoginTest *******
20:10:20.167 [main] DEBUG org.testng.log4testng.Logger.debug(Logger.java:82)oggger - suiteXmlPath: "D:\FrameWork\OpenCart\master.xml"
20:10:24.919 [main] INFO  testCases.TC001_AccountRegistrationTest.verify_account_registration(TC001_AccountRegistrationTest.java:25)oggger - *** TC001_AccountRegistrationTest ***
20:10:25.323 [main] INFO  testCases.TC001_AccountRegistrationTest.verify_account_registration(TC001_AccountRegistrationTest.java:30)oggger - Clicked on My Account link
20:10:25.774 [main] INFO  testCases.TC001_AccountRegistrationTest.verify_account_registration(TC001_AccountRegistrationTest.java:32)oggger - Clicked on Register link
20:10:25.780 [main] INFO  testCases.TC001_AccountRegistrationTest.verify_account_registration(TC001_AccountRegistrationTest.java:34)oggger - Providing customer details..
20:10:30.498 [main] INFO  testCases.TC001_AccountRegistrationTest.verify_account_registration(TC001_AccountRegistrationTest.java:46)oggger - Validated expecting message..
20:10:30.539 [main] INFO  testCases.TC001_AccountRegistrationTest.verify_account_registration(TC001_AccountRegistrationTest.java:68)oggger - *** TC001_AccountRegistrationTest finished ***
20:10:33.489 [main] INFO  testCases.TC002_LoginTest.verify_login(TC002_LoginTest.java:16)oggger - ***** Starting TC002_LoginTest *******
20:10:35.253 [main] INFO  testCases.TC002_LoginTest.verify_login(TC002_LoginTest.java:48)oggger - ********* Finished TC002_LoginTest *******
20:19:02.198 [main] DEBUG org.testng.log4testng.Logger.debug(Logger.java:82)oggger - suiteXmlPath: "D:\FrameWork\OpenCart\master.xml"
20:19:06.593 [main] INFO  testCases.TC001_AccountRegistrationTest.verify_account_registration(TC001_AccountRegistrationTest.java:25)oggger - *** TC001_AccountRegistrationTest ***
20:19:07.223 [main] INFO  testCases.TC001_AccountRegistrationTest.verify_account_registration(TC001_AccountRegistrationTest.java:30)oggger - Clicked on My Account link
20:19:07.722 [main] INFO  testCases.TC001_AccountRegistrationTest.verify_account_registration(TC001_AccountRegistrationTest.java:32)oggger - Clicked on Register link
20:19:07.725 [main] INFO  testCases.TC001_AccountRegistrationTest.verify_account_registration(TC001_AccountRegistrationTest.java:34)oggger - Providing customer details..
20:19:12.211 [main] INFO  testCases.TC001_AccountRegistrationTest.verify_account_registration(TC001_AccountRegistrationTest.java:46)oggger - Validated expecting message..
20:19:12.270 [main] INFO  testCases.TC001_AccountRegistrationTest.verify_account_registration(TC001_AccountRegistrationTest.java:68)oggger - *** TC001_AccountRegistrationTest finished ***
20:19:15.079 [main] INFO  testCases.TC002_LoginTest.verify_login(TC002_LoginTest.java:16)oggger - ***** Starting TC002_LoginTest *******
20:19:17.112 [main] INFO  testCases.TC002_LoginTest.verify_login(TC002_LoginTest.java:48)oggger - ********* Finished TC002_LoginTest *******
